# JRE version: Java(TM) SE Runtime Environment (8.0_60-b27) (build 1.8.0_60-b27)
# Java VM: Java HotSpot(TM) 64-Bit Server VM (25.60-b23 mixed mode windows-amd64 compressed oops)
Heap:
 PSYoungGen      total 80384K, used 22928K [0x00000000e0000000, 0x00000000e5c00000, 0x0000000100000000)
  eden space 70656K, 25% used [0x00000000e0000000,0x00000000e116f518,0x00000000e4500000)
  from space 9728K, 52% used [0x00000000e5280000,0x00000000e5774c20,0x00000000e5c00000)
  to   space 11776K, 0% used [0x00000000e4500000,0x00000000e4500000,0x00000000e5080000)
 ParOldGen       total 109568K, used 16363K [0x00000000a0000000, 0x00000000a6b00000, 0x00000000e0000000)
  object space 109568K, 14% used [0x00000000a0000000,0x00000000a0ffafb8,0x00000000a6b00000)
 Metaspace       used 40151K, capacity 40970K, committed 41304K, reserved 1085440K
  class space    used 5388K, capacity 5640K, committed 5760K, reserved 1048576K
GC Heap History (10 events):
Event: 5.231 GC heap before
{Heap before GC invocations=8 (full 1):
 PSYoungGen      total 52224K, used 49666K [0x00000000e0000000, 0x00000000e3f80000, 0x0000000100000000)
  eden space 43520K, 100% used [0x00000000e0000000,0x00000000e2a80000,0x00000000e2a80000)
  from space 8704K, 70% used [0x00000000e3700000,0x00000000e3d00a40,0x00000000e3f80000)
  to   space 10752K, 0% used [0x00000000e2a80000,0x00000000e2a80000,0x00000000e3500000)
 ParOldGen       total 69632K, used 9773K [0x00000000a0000000, 0x00000000a4400000, 0x00000000e0000000)
  object space 69632K, 14% used [0x00000000a0000000,0x00000000a098b6d0,0x00000000a4400000)
 Metaspace       used 29671K, capacity 30202K, committed 30464K, reserved 1075200K
  class space    used 4145K, capacity 4277K, committed 4352K, reserved 1048576K
Event: 5.244 GC heap after
Heap after GC invocations=8 (full 1):
 PSYoungGen      total 54272K, used 6561K [0x00000000e0000000, 0x00000000e4e00000, 0x0000000100000000)
  eden space 43520K, 0% used [0x00000000e0000000,0x00000000e0000000,0x00000000e2a80000)
  from space 10752K, 61% used [0x00000000e2a80000,0x00000000e30e8648,0x00000000e3500000)
  to   space 10240K, 0% used [0x00000000e4400000,0x00000000e4400000,0x00000000e4e00000)
 ParOldGen       total 69632K, used 9781K [0x00000000a0000000, 0x00000000a4400000, 0x00000000e0000000)
  object space 69632K, 14% used [0x00000000a0000000,0x00000000a098d6d0,0x00000000a4400000)
 Metaspace       used 29671K, capacity 30202K, committed 30464K, reserved 1075200K
  class space    used 4145K, capacity 4277K, committed 4352K, reserved 1048576K
}
Event: 6.721 GC heap before
{Heap before GC invocations=9 (full 1):
 PSYoungGen      total 54272K, used 50081K [0x00000000e0000000, 0x00000000e4e00000, 0x0000000100000000)
  eden space 43520K, 100% used [0x00000000e0000000,0x00000000e2a80000,0x00000000e2a80000)
  from space 10752K, 61% used [0x00000000e2a80000,0x00000000e30e8648,0x00000000e3500000)
  to   space 10240K, 0% used [0x00000000e4400000,0x00000000e4400000,0x00000000e4e00000)
 ParOldGen       total 69632K, used 9781K [0x00000000a0000000, 0x00000000a4400000, 0x00000000e0000000)
  object space 69632K, 14% used [0x00000000a0000000,0x00000000a098d6d0,0x00000000a4400000)
 Metaspace       used 31699K, capacity 32322K, committed 32512K, reserved 1077248K
  class space    used 4386K, capacity 4574K, committed 4608K, reserved 1048576K
Event: 6.734 GC heap after
Heap after GC invocations=9 (full 1):
 PSYoungGen      total 68608K, used 8239K [0x00000000e0000000, 0x00000000e4e00000, 0x0000000100000000)
  eden space 58368K, 0% used [0x00000000e0000000,0x00000000e0000000,0x00000000e3900000)
  from space 10240K, 80% used [0x00000000e4400000,0x00000000e4c0bc40,0x00000000e4e00000)
  to   space 10752K, 0% used [0x00000000e3900000,0x00000000e3900000,0x00000000e4380000)
 ParOldGen       total 69632K, used 9789K [0x00000000a0000000, 0x00000000a4400000, 0x00000000e0000000)
  object space 69632K, 14% used [0x00000000a0000000,0x00000000a098f6d0,0x00000000a4400000)
 Metaspace       used 31699K, capacity 32322K, committed 32512K, reserved 1077248K
  class space    used 4386K, capacity 4574K, committed 4608K, reserved 1048576K
}
Event: 7.097 GC heap before
{Heap before GC invocations=10 (full 1):
 PSYoungGen      total 68608K, used 25793K [0x00000000e0000000, 0x00000000e4e00000, 0x0000000100000000)
  eden space 58368K, 30% used [0x00000000e0000000,0x00000000e1124aa8,0x00000000e3900000)
  from space 10240K, 80% used [0x00000000e4400000,0x00000000e4c0bc40,0x00000000e4e00000)
  to   space 10752K, 0% used [0x00000000e3900000,0x00000000e3900000,0x00000000e4380000)
 ParOldGen       total 69632K, used 9789K [0x00000000a0000000, 0x00000000a4400000, 0x00000000e0000000)
  object space 69632K, 14% used [0x00000000a0000000,0x00000000a098f6d0,0x00000000a4400000)
 Metaspace       used 34542K, capacity 35274K, committed 35416K, reserved 1079296K
  class space    used 4686K, capacity 4902K, committed 4992K, reserved 1048576K
Event: 7.106 GC heap after
Heap after GC invocations=10 (full 1):
 PSYoungGen      total 69120K, used 9790K [0x00000000e0000000, 0x00000000e5e00000, 0x0000000100000000)
  eden space 58368K, 0% used [0x00000000e0000000,0x00000000e0000000,0x00000000e3900000)
  from space 10752K, 91% used [0x00000000e3900000,0x00000000e428f948,0x00000000e4380000)
  to   space 11776K, 0% used [0x00000000e5280000,0x00000000e5280000,0x00000000e5e00000)
 ParOldGen       total 69632K, used 9861K [0x00000000a0000000, 0x00000000a4400000, 0x00000000e0000000)
  object space 69632K, 14% used [0x00000000a0000000,0x00000000a09a16e0,0x00000000a4400000)
 Metaspace       used 34542K, capacity 35274K, committed 35416K, reserved 1079296K
  class space    used 4686K, capacity 4902K, committed 4992K, reserved 1048576K
}
Event: 7.106 GC heap before
{Heap before GC invocations=11 (full 2):
 PSYoungGen      total 69120K, used 9790K [0x00000000e0000000, 0x00000000e5e00000, 0x0000000100000000)
  eden space 58368K, 0% used [0x00000000e0000000,0x00000000e0000000,0x00000000e3900000)
  from space 10752K, 91% used [0x00000000e3900000,0x00000000e428f948,0x00000000e4380000)
  to   space 11776K, 0% used [0x00000000e5280000,0x00000000e5280000,0x00000000e5e00000)
 ParOldGen       total 69632K, used 9861K [0x00000000a0000000, 0x00000000a4400000, 0x00000000e0000000)
  object space 69632K, 14% used [0x00000000a0000000,0x00000000a09a16e0,0x00000000a4400000)
 Metaspace       used 34542K, capacity 35274K, committed 35416K, reserved 1079296K
  class space    used 4686K, capacity 4902K, committed 4992K, reserved 1048576K
Event: 7.233 GC heap after
Heap after GC invocations=11 (full 2):
 PSYoungGen      total 69120K, used 0K [0x00000000e0000000, 0x00000000e5e00000, 0x0000000100000000)
  eden space 58368K, 0% used [0x00000000e0000000,0x00000000e0000000,0x00000000e3900000)
  from space 10752K, 0% used [0x00000000e3900000,0x00000000e3900000,0x00000000e4380000)
  to   space 11776K, 0% used [0x00000000e5280000,0x00000000e5280000,0x00000000e5e00000)
 ParOldGen       total 109568K, used 16355K [0x00000000a0000000, 0x00000000a6b00000, 0x00000000e0000000)
  object space 109568K, 14% used [0x00000000a0000000,0x00000000a0ff8fb8,0x00000000a6b00000)
 Metaspace       used 34514K, capacity 35186K, committed 35416K, reserved 1079296K
  class space    used 4678K, capacity 4894K, committed 4992K, reserved 1048576K
}
Event: 7.883 GC heap before
{Heap before GC invocations=12 (full 2):
 PSYoungGen      total 69120K, used 58368K [0x00000000e0000000, 0x00000000e5e00000, 0x0000000100000000)
  eden space 58368K, 100% used [0x00000000e0000000,0x00000000e3900000,0x00000000e3900000)
  from space 10752K, 0% used [0x00000000e3900000,0x00000000e3900000,0x00000000e4380000)
  to   space 11776K, 0% used [0x00000000e5280000,0x00000000e5280000,0x00000000e5e00000)
 ParOldGen       total 109568K, used 16355K [0x00000000a0000000, 0x00000000a6b00000, 0x00000000e0000000)
  object space 109568K, 14% used [0x00000000a0000000,0x00000000a0ff8fb8,0x00000000a6b00000)
 Metaspace       used 38533K, capacity 39284K, committed 39512K, reserved 1083392K
  class space    used 5197K, capacity 5405K, committed 5504K, reserved 1048576K
Event: 7.891 GC heap after
Heap after GC invocations=12 (full 2):
 PSYoungGen      total 80384K, used 5075K [0x00000000e0000000, 0x00000000e5c00000, 0x0000000100000000)
  eden space 70656K, 0% used [0x00000000e0000000,0x00000000e0000000,0x00000000e4500000)
  from space 9728K, 52% used [0x00000000e5280000,0x00000000e5774c20,0x00000000e5c00000)
  to   space 11776K, 0% used [0x00000000e4500000,0x00000000e4500000,0x00000000e5080000)
 ParOldGen       total 109568K, used 16363K [0x00000000a0000000, 0x00000000a6b00000, 0x00000000e0000000)
  object space 109568K, 14% used [0x00000000a0000000,0x00000000a0ffafb8,0x00000000a6b00000)
 Metaspace       used 38533K, capacity 39284K, committed 39512K, reserved 1083392K
  class space    used 5197K, capacity 5405K, committed 5504K, reserved 1048576K
}

