# JRE version: Java(TM) SE Runtime Environment (8.0_60-b27) (build 1.8.0_60-b27)
# Java VM: Java HotSpot(TM) 64-Bit Server VM (25.60-b23 mixed mode windows-amd64 compressed oops)
Heap:
 PSYoungGen      total 55808K, used 46679K [0x00000000e0000000, 0x00000000e5380000, 0x0000000100000000)
  eden space 44544K, 85% used [0x00000000e0000000,0x00000000e250a678,0x00000000e2b80000)
  from space 11264K, 77% used [0x00000000e2b80000,0x00000000e340b908,0x00000000e3680000)
  to   space 11776K, 0% used [0x00000000e4800000,0x00000000e4800000,0x00000000e5380000)
 ParOldGen       total 69632K, used 9861K [0x00000000a0000000, 0x00000000a4400000, 0x00000000e0000000)
  object space 69632K, 14% used [0x00000000a0000000,0x00000000a09a15f0,0x00000000a4400000)
 Metaspace       used 32518K, capacity 33132K, committed 33408K, reserved 1077248K
  class space    used 4454K, capacity 4633K, committed 4736K, reserved 1048576K
GC Heap History (10 events):
Event: 3.580 GC heap before
{Heap before GC invocations=4 (full 0):
 PSYoungGen      total 37888K, used 29113K [0x00000000e0000000, 0x00000000e2a00000, 0x0000000100000000)
  eden space 32768K, 73% used [0x00000000e0000000,0x00000000e1772b68,0x00000000e2000000)
  from space 5120K, 99% used [0x00000000e2000000,0x00000000e24fba60,0x00000000e2500000)
  to   space 5120K, 0% used [0x00000000e2500000,0x00000000e2500000,0x00000000e2a00000)
 ParOldGen       total 86016K, used 4090K [0x00000000a0000000, 0x00000000a5400000, 0x00000000e0000000)
  object space 86016K, 4% used [0x00000000a0000000,0x00000000a03feae8,0x00000000a5400000)
 Metaspace       used 20731K, capacity 21170K, committed 21248K, reserved 1067008K
  class space    used 2861K, capacity 3010K, committed 3072K, reserved 1048576K
Event: 3.591 GC heap after
Heap after GC invocations=4 (full 0):
 PSYoungGen      total 37888K, used 5108K [0x00000000e0000000, 0x00000000e2a00000, 0x0000000100000000)
  eden space 32768K, 0% used [0x00000000e0000000,0x00000000e0000000,0x00000000e2000000)
  from space 5120K, 99% used [0x00000000e2500000,0x00000000e29fd000,0x00000000e2a00000)
  to   space 5120K, 0% used [0x00000000e2000000,0x00000000e2000000,0x00000000e2500000)
 ParOldGen       total 86016K, used 8899K [0x00000000a0000000, 0x00000000a5400000, 0x00000000e0000000)
  object space 86016K, 10% used [0x00000000a0000000,0x00000000a08b0f88,0x00000000a5400000)
 Metaspace       used 20731K, capacity 21170K, committed 21248K, reserved 1067008K
  class space    used 2861K, capacity 3010K, committed 3072K, reserved 1048576K
}
Event: 3.591 GC heap before
{Heap before GC invocations=5 (full 1):
 PSYoungGen      total 37888K, used 5108K [0x00000000e0000000, 0x00000000e2a00000, 0x0000000100000000)
  eden space 32768K, 0% used [0x00000000e0000000,0x00000000e0000000,0x00000000e2000000)
  from space 5120K, 99% used [0x00000000e2500000,0x00000000e29fd000,0x00000000e2a00000)
  to   space 5120K, 0% used [0x00000000e2000000,0x00000000e2000000,0x00000000e2500000)
 ParOldGen       total 86016K, used 8899K [0x00000000a0000000, 0x00000000a5400000, 0x00000000e0000000)
  object space 86016K, 10% used [0x00000000a0000000,0x00000000a08b0f88,0x00000000a5400000)
 Metaspace       used 20731K, capacity 21170K, committed 21248K, reserved 1067008K
  class space    used 2861K, capacity 3010K, committed 3072K, reserved 1048576K
Event: 3.649 GC heap after
Heap after GC invocations=5 (full 1):
 PSYoungGen      total 37888K, used 0K [0x00000000e0000000, 0x00000000e2a00000, 0x0000000100000000)
  eden space 32768K, 0% used [0x00000000e0000000,0x00000000e0000000,0x00000000e2000000)
  from space 5120K, 0% used [0x00000000e2500000,0x00000000e2500000,0x00000000e2a00000)
  to   space 5120K, 0% used [0x00000000e2000000,0x00000000e2000000,0x00000000e2500000)
 ParOldGen       total 69632K, used 9773K [0x00000000a0000000, 0x00000000a4400000, 0x00000000e0000000)
  object space 69632K, 14% used [0x00000000a0000000,0x00000000a098b5e0,0x00000000a4400000)
 Metaspace       used 20731K, capacity 21170K, committed 21248K, reserved 1067008K
  class space    used 2861K, capacity 3010K, committed 3072K, reserved 1048576K
}
Event: 4.260 GC heap before
{Heap before GC invocations=6 (full 1):
 PSYoungGen      total 37888K, used 32768K [0x00000000e0000000, 0x00000000e2a00000, 0x0000000100000000)
  eden space 32768K, 100% used [0x00000000e0000000,0x00000000e2000000,0x00000000e2000000)
  from space 5120K, 0% used [0x00000000e2500000,0x00000000e2500000,0x00000000e2a00000)
  to   space 5120K, 0% used [0x00000000e2000000,0x00000000e2000000,0x00000000e2500000)
 ParOldGen       total 69632K, used 9773K [0x00000000a0000000, 0x00000000a4400000, 0x00000000e0000000)
  object space 69632K, 14% used [0x00000000a0000000,0x00000000a098b5e0,0x00000000a4400000)
 Metaspace       used 23695K, capacity 24148K, committed 24448K, reserved 1071104K
  class space    used 3247K, capacity 3403K, committed 3456K, reserved 1048576K
Event: 4.266 GC heap after
Heap after GC invocations=6 (full 1):
 PSYoungGen      total 37888K, used 3504K [0x00000000e0000000, 0x00000000e4280000, 0x0000000100000000)
  eden space 32768K, 0% used [0x00000000e0000000,0x00000000e0000000,0x00000000e2000000)
  from space 5120K, 68% used [0x00000000e2000000,0x00000000e236c158,0x00000000e2500000)
  to   space 11776K, 0% used [0x00000000e3700000,0x00000000e3700000,0x00000000e4280000)
 ParOldGen       total 69632K, used 9781K [0x00000000a0000000, 0x00000000a4400000, 0x00000000e0000000)
  object space 69632K, 14% used [0x00000000a0000000,0x00000000a098d5e0,0x00000000a4400000)
 Metaspace       used 23695K, capacity 24148K, committed 24448K, reserved 1071104K
  class space    used 3247K, capacity 3403K, committed 3456K, reserved 1048576K
}
Event: 5.201 GC heap before
{Heap before GC invocations=7 (full 1):
 PSYoungGen      total 37888K, used 36272K [0x00000000e0000000, 0x00000000e4280000, 0x0000000100000000)
  eden space 32768K, 100% used [0x00000000e0000000,0x00000000e2000000,0x00000000e2000000)
  from space 5120K, 68% used [0x00000000e2000000,0x00000000e236c158,0x00000000e2500000)
  to   space 11776K, 0% used [0x00000000e3700000,0x00000000e3700000,0x00000000e4280000)
 ParOldGen       total 69632K, used 9781K [0x00000000a0000000, 0x00000000a4400000, 0x00000000e0000000)
  object space 69632K, 14% used [0x00000000a0000000,0x00000000a098d5e0,0x00000000a4400000)
 Metaspace       used 27768K, capacity 28256K, committed 28544K, reserved 1073152K
  class space    used 3783K, capacity 3910K, committed 3968K, reserved 1048576K
Event: 5.209 GC heap after
Heap after GC invocations=7 (full 1):
 PSYoungGen      total 55296K, used 6743K [0x00000000e0000000, 0x00000000e4180000, 0x0000000100000000)
  eden space 44544K, 0% used [0x00000000e0000000,0x00000000e0000000,0x00000000e2b80000)
  from space 10752K, 62% used [0x00000000e3700000,0x00000000e3d95df0,0x00000000e4180000)
  to   space 11264K, 0% used [0x00000000e2b80000,0x00000000e2b80000,0x00000000e3680000)
 ParOldGen       total 69632K, used 9789K [0x00000000a0000000, 0x00000000a4400000, 0x00000000e0000000)
  object space 69632K, 14% used [0x00000000a0000000,0x00000000a098f5e0,0x00000000a4400000)
 Metaspace       used 27768K, capacity 28256K, committed 28544K, reserved 1073152K
  class space    used 3783K, capacity 3910K, committed 3968K, reserved 1048576K
}
Event: 5.969 GC heap before
{Heap before GC invocations=8 (full 1):
 PSYoungGen      total 55296K, used 51287K [0x00000000e0000000, 0x00000000e4180000, 0x0000000100000000)
  eden space 44544K, 100% used [0x00000000e0000000,0x00000000e2b80000,0x00000000e2b80000)
  from space 10752K, 62% used [0x00000000e3700000,0x00000000e3d95df0,0x00000000e4180000)
  to   space 11264K, 0% used [0x00000000e2b80000,0x00000000e2b80000,0x00000000e3680000)
 ParOldGen       total 69632K, used 9789K [0x00000000a0000000, 0x00000000a4400000, 0x00000000e0000000)
  object space 69632K, 14% used [0x00000000a0000000,0x00000000a098f5e0,0x00000000a4400000)
 Metaspace       used 32067K, capacity 32646K, committed 32768K, reserved 1077248K
  class space    used 4426K, capacity 4600K, committed 4608K, reserved 1048576K
Event: 5.981 GC heap after
Heap after GC invocations=8 (full 1):
 PSYoungGen      total 55808K, used 8750K [0x00000000e0000000, 0x00000000e5380000, 0x0000000100000000)
  eden space 44544K, 0% used [0x00000000e0000000,0x00000000e0000000,0x00000000e2b80000)
  from space 11264K, 77% used [0x00000000e2b80000,0x00000000e340b908,0x00000000e3680000)
  to   space 11776K, 0% used [0x00000000e4800000,0x00000000e4800000,0x00000000e5380000)
 ParOldGen       total 69632K, used 9861K [0x00000000a0000000, 0x00000000a4400000, 0x00000000e0000000)
  object space 69632K, 14% used [0x00000000a0000000,0x00000000a09a15f0,0x00000000a4400000)
 Metaspace       used 32067K, capacity 32646K, committed 32768K, reserved 1077248K
  class space    used 4426K, capacity 4600K, committed 4608K, reserved 1048576K
}

